<?xml version="1.0" encoding="UTF-8"?>
<!-- Generated by org.testng.reporters.JUnitReportReporter -->
<testsuite hostname="DESKTOP-35BUF8N" failures="0" tests="1" name="OrangeHRM_Testcases.AdminloginwithInvaliData" time="0.761" errors="0" timestamp="2024-02-01T14:52:41 GMT-05:00" skipped="0">
  <testcase classname="OrangeHRM_Testcases.AdminloginwithInvaliData" name="adminloginwithInvalid" time="0.761"/>
</testsuite> <!-- OrangeHRM_Testcases.AdminloginwithInvaliData -->
