<?xml version="1.0" encoding="UTF-8"?>
<!-- Generated by org.testng.reporters.JUnitReportReporter -->
<testsuite hostname="DESKTOP-35BUF8N" failures="0" tests="1" name="OrangeHRM_Testcases.UserReg" time="2.535" errors="0" timestamp="2024-02-01T14:47:50 GMT-05:00" skipped="0">
  <testcase classname="OrangeHRM_Testcases.UserReg" name="userRegistration" time="2.535"/>
</testsuite> <!-- OrangeHRM_Testcases.UserReg -->
