<?xml version="1.0" encoding="UTF-8"?>
<!-- Generated by org.testng.reporters.JUnitReportReporter -->
<testsuite hostname="DESKTOP-35BUF8N" failures="0" tests="5" name="OrangeHRM_Testcases.AdminwithValidData" time="10.154" errors="0" timestamp="2024-02-01T14:47:50 GMT-05:00" skipped="0">
  <testcase classname="OrangeHRM_Testcases.AdminwithValidData" name="loginwithvalidDat" time="2.672"/>
  <testcase classname="OrangeHRM_Testcases.AdminwithValidData" name="loginwithvalidDat" time="1.872"/>
  <testcase classname="OrangeHRM_Testcases.AdminwithValidData" name="loginwithvalidDat" time="1.854"/>
  <testcase classname="OrangeHRM_Testcases.AdminwithValidData" name="loginwithvalidDat" time="1.849"/>
  <testcase classname="OrangeHRM_Testcases.AdminwithValidData" name="loginwithvalidDat" time="1.907"/>
</testsuite> <!-- OrangeHRM_Testcases.AdminwithValidData -->
